
<!DOCTYPE html>
<html>


<head>
	<meta charset='UTF-8' /> 
	<meta name='description' content='' />
	<meta name='robots' content='noodp, noydir' />
	<meta name='viewport' content='width=device-width, initial-scale=1' />
	<meta id="timeStampFormat" name="timeStampFormat" content='MMM d, yyyy hh:mm:ss a'/>
	
	<link href='https://fonts.googleapis.com/css?family=Source+Sans+Pro:400,600' rel='stylesheet' type='text/css'>
	<link href="https://fonts.googleapis.com/icon?family=Material+Icons" rel="stylesheet">

		<link href='https://cdn.rawgit.com/anshooarora/extentreports-java/6d3843c29c354373fafad29c03a1a89b7e06c374/dist/css/extent.css' type='text/css' rel='stylesheet' />
	
	<title>Ecommerce Website</title>

</head>

	<body class='extent standard default hide-overflow bdd-report'>
		<div id='theme-selector' alt='Click to toggle theme. To enable by default, use theme configuration.' title='Click to toggle theme. To enable by default, use theme configuration.'>
			<span><i class='material-icons'>desktop_windows</i></span>
		</div>

<nav>
	<div class="nav-wrapper">
		<a href="#!" class="brand-logo blue darken-3">Extent</a>

		<!-- slideout menu -->
		<ul id='slide-out' class='side-nav fixed hide-on-med-and-down'>
			<li class='waves-effect active'><a href='#!' view='test-view' onclick="configureView(0);chartsView('test');"><i class='material-icons'>dashboard</i></a></li>
						<li class='waves-effect'><a href='#!' view='category-view' onclick="configureView(1)"><i class='material-icons'>label_outline</i></a></li>
			<li class='waves-effect'><a href='#!' view='exception-view' onclick="configureView(2)"><i class='material-icons'>bug_report</i></a></li>
			<li class='waves-effect'><a href='#!' onclick="configureView(-1);chartsView('dashboard');" view='dashboard-view'><i class='material-icons'>track_changes</i></i></a></li>
			<li class='waves-effect'><a href='#!' onclick="configureView(-1)" view='testrunner-logs-view'><i class='material-icons'>note</i></a></li>
		</ul>

		<!-- report name -->
		<span class='report-name'>Automation Report</span>
		
		<!-- report headline -->
		<span class='report-headline'></span>

		<!-- nav-right -->
		<ul id='nav-mobile' class='right hide-on-med-and-down nav-right'>
			<li>
                <a href='#!'>
                    <span class='label suite-start-time blue darken-3'>Oct 29, 2018 09:55:32 AM</span>
				</a>
			</li>
			<li>
                <a href='#!'>
                    <span class='label blue darken-3'>v3.0.6</span>
				</a>
			</li>
		</ul>
	</div>
</nav>

		<!-- container -->
		<div class='container'>

<div id='test-view' class='view'>
				
	<section id='controls'>
		<div class='controls grey lighten-4'>
			<!-- test toggle -->
			<div class='chip transparent'>
				<a class='dropdown-button tests-toggle' data-activates='tests-toggle' data-constrainwidth='true' data-beloworigin='true' data-hover='true' href='#'>
					<i class='material-icons'>warning</i> Status
				</a>
				<ul id='tests-toggle' class='dropdown-content'>
											<li status='pass'><a href='#!'>Pass <i class='material-icons green-text'>check_circle</i></a></li>
						<li status='fail'><a href='#!'>Fail <i class='material-icons red-text'>cancel</i></a></li>
						<li status='skip'><a href='#!'>Skip <i class='material-icons cyan-text'>redo</i></a></li>
					<li class='divider'></li>
					<li status='clear' clear='true'><a href='#!'>Clear Filters <i class='material-icons'>clear</i></a></li>
				</ul>
			</div>
			<!-- test toggle -->

			<!-- category toggle -->
			<div class='chip transparent'>
				<a class='dropdown-button category-toggle' data-activates='category-toggle' data-constrainwidth='false' data-beloworigin='true' data-hover='true' href='#'>
					<i class='material-icons'>local_offer</i> Category
				</a>
				<ul id='category-toggle' class='dropdown-content'>
					<li><a href='#'>@AccountManagement</a></li>
					<li><a href='#'>@SignInSignOut</a></li>
					<li><a href='#'>@ContactUs</a></li>
					<li><a href='#'>@CreateAccount</a></li>
					<li><a href='#'>@CreateNumerousAccount</a></li>
					<li><a href='#'>@AddToCard</a></li>
					<li><a href='#'>@AmendCard</a></li>
					<li><a href='#'>@CheckOut</a></li>
					<li><a href='#'>@CheckoutWithOrderRef</a></li>
					<li class='divider'></li>
					<li class='clear'><a href='#!' clear='true'>Clear Filters</a></li>
				</ul>
			</div>
			<!-- category toggle -->

			<!-- clear filters -->
			<div class='chip transparent hide'>
				<a class='' id='clear-filters' alt='Clear Filters' title='Clear Filters'>
					<i class='material-icons'>close</i> Clear
				</a>
			</div>
			<!-- clear filters -->

			<!-- enable dashboard -->
			<div id='toggle-test-view-charts' class='chip transparent'>
				<a class='pink-text' id='enable-dashboard' alt='Enable Dashboard' title='Enable Dashboard'>
					<i class='material-icons'>track_changes</i> Dashboard
				</a>
			</div>
			<!-- enable dashboard -->

			<!-- search -->
			<div class='chip transparent' alt='Search Tests' title='Search Tests'>
				<a href="#" class='search-div'>
					<i class='material-icons'>search</i> Search
				</a>

				<div class='input-field left hide'>
					<input id='search-tests' type='text' class='validate browser-default' placeholder='Search Tests...'>
				</div>
				
			</div>
			<!-- search -->
		</div>
	</section>


<div id='test-view-charts' class='subview-full'>
	<div id='charts-row' class='row nm-v nm-h'>
		<div class='col s12 m4 l4 np-h'>
			<div class='card-panel nm-v'>
				<div class='left panel-name'>Features</div>
				<div class='chart-box'>
					<canvas id='parent-analysis' width='100' height='80'></canvas>
				</div>
				<div class='block text-small'>
					<span class='tooltipped' data-position='top' data-tooltip='0%'><span class='strong'>0</span> feature(s) passed</span>
				</div>
				<div class='block text-small'>
					<span class='strong tooltipped' data-position='top' data-tooltip='75%'>3</span> feature(s) failed, <span class='strong tooltipped' data-position='top' data-tooltip='25%'>1</span> others
				</div>
			</div>
		</div>
		
		<div class='col s12 m4 l4 np-h'>
			<div class='card-panel nm-v'>
				<div class='left panel-name'>Scenarios</div>
				<div class='chart-box'>
					<canvas id='child-analysis' width='100' height='80'></canvas>
				</div>
				<div class='block text-small'>
					<span class='tooltipped' data-position='top' data-tooltip='30%'><span class='strong'>3</span> scenario(s) passed</span>
				</div>
				<div class='block text-small'>
					<span class='strong tooltipped' data-position='top' data-tooltip='50%'>5</span> scenario(s) failed, <span class='strong tooltipped' data-position='top' data-tooltip='20%'>2</span> others
				</div>
			</div>
		</div>
		
		<div class='col s12 m4 l4 np-h'>
			<div class='card-panel nm-v'>
				<div class='left panel-name'>Steps</div>
				<div class='chart-box'>
					<canvas id='grandchild-analysis' width='100' height='80'></canvas>
				</div>
				<div class='block text-small'>
					<span class='tooltipped' data-position='top' data-tooltip='61.905%'><span class='strong'>39</span> step(s) passed</span>
				</div>
				<div class='block text-small'>
					<span class='strong tooltipped' data-position='top' data-tooltip='7.937%'>5</span> step(s) failed, <span class='strong tooltipped' data-position='top' data-tooltip='30.159%'>19</span> others
				</div>
			</div>
		</div>
	</div>
</div>

	<div class='subview-left left'>
		
		<div class='view-summary'>
			<h5>Features</h5>
			<ul id='test-collection' class='test-collection'>
				
				
				<li class='test displayed active has-leaf fail' status='fail' bdd='true' test-id='1'>
					<div class='test-heading'>
						<span class='test-name'>user account management</span>
						<span class='test-time'>Oct 29, 2018 09:55:32 AM</span>
						<span class='test-status right fail'>fail</span>
					</div>
					<div class='test-content hide'>
<div class='scenario node' test-id='2' status='fail'>
	<div class='category-list'>
		<span class='category label white-text'>@SignInSignOut</span>
	</div>
	<span class='duration right label'>0h 0m 31s+233ms</span>
	<div class='desc'>
		<b>Scenario</b>
		<span class="desc-text">Sign in and out action</span>
	</div>
	<ul class='steps'>
		<li test-id='3' class='node given pass' status='pass'>
			
			<b>Given</b>
			
			<span class="bdd-step-name">Given i open the automationPractice website</span>
				<div class='pre'>passed</div>
			
		</li>
		<li test-id='4' class='node and fail' status='fail'>
			
			<b>And</b>
			
			<span class="bdd-step-name">And i sign in</span>
				<div class='pre'><pre>org.openqa.selenium.NoSuchWindowException: no such window: target window already closed
from unknown error: web view not found
  (Session info: chrome=69.0.3497.100)
  (Driver info: chromedriver=2.40.565498 (ea082db3280dd6843ebfb08a625e3eb905c4f5ab),platform=Windows NT 6.1.7601 SP1 x86_64) (WARNING: The server did not provide any stacktrace information)
Command duration or timeout: 0 milliseconds
Build info: version: '3.5.1', revision: '9c21bb67ef', time: '2017-08-17T15:26:08.955Z'
System info: host: 'ABBEY-WED', ip: '192.168.2.68', os.name: 'Windows 7', os.arch: 'amd64', os.version: '6.1', java.version: '1.8.0_171'
Driver info: org.openqa.selenium.chrome.ChromeDriver
Capabilities [{mobileEmulationEnabled=false, hasTouchScreen=false, platform=XP, acceptSslCerts=false, acceptInsecureCerts=false, webStorageEnabled=true, browserName=chrome, takesScreenshot=true, javascriptEnabled=true, setWindowRect=true, unexpectedAlertBehaviour=, applicationCacheEnabled=false, rotatable=false, networkConnectionEnabled=false, chrome={chromedriverVersion=2.40.565498 (ea082db3280dd6843ebfb08a625e3eb905c4f5ab), userDataDir=C:\Users\BRUNA~1.DUS\AppData\Local\Temp\scoped_dir20460_1926}, takesHeapSnapshot=true, pageLoadStrategy=normal, unhandledPromptBehavior=, databaseEnabled=false, handlesAlerts=true, version=69.0.3497.100, browserConnectionEnabled=false, nativeEvents=true, locationContextEnabled=true, cssSelectorsEnabled=true}]
Session ID: afaf8c971957ceb4cbca7b7438edf14d
*** Element info: {Using=xpath, value=//a[@title='Log in to your customer account']}
	at sun.reflect.NativeConstructorAccessorImpl.newInstance0(Native Method)
	at sun.reflect.NativeConstructorAccessorImpl.newInstance(NativeConstructorAccessorImpl.java:62)
	at sun.reflect.DelegatingConstructorAccessorImpl.newInstance(DelegatingConstructorAccessorImpl.java:45)
	at java.lang.reflect.Constructor.newInstance(Constructor.java:423)
	at org.openqa.selenium.remote.ErrorHandler.createThrowable(ErrorHandler.java:215)
	at org.openqa.selenium.remote.ErrorHandler.throwIfResponseFailed(ErrorHandler.java:167)
	at org.openqa.selenium.remote.http.JsonHttpResponseCodec.reconstructValue(JsonHttpResponseCodec.java:40)
	at org.openqa.selenium.remote.http.AbstractHttpResponseCodec.decode(AbstractHttpResponseCodec.java:82)
	at org.openqa.selenium.remote.http.AbstractHttpResponseCodec.decode(AbstractHttpResponseCodec.java:45)
	at org.openqa.selenium.remote.HttpCommandExecutor.execute(HttpCommandExecutor.java:164)
	at org.openqa.selenium.remote.service.DriverCommandExecutor.execute(DriverCommandExecutor.java:82)
	at org.openqa.selenium.remote.RemoteWebDriver.execute(RemoteWebDriver.java:641)
	at org.openqa.selenium.remote.RemoteWebDriver.findElement(RemoteWebDriver.java:414)
	at org.openqa.selenium.remote.RemoteWebDriver.findElementByXPath(RemoteWebDriver.java:513)
	at org.openqa.selenium.By$ByXPath.findElement(By.java:361)
	at org.openqa.selenium.remote.RemoteWebDriver.findElement(RemoteWebDriver.java:406)
	at org.openqa.selenium.support.pagefactory.DefaultElementLocator.findElement(DefaultElementLocator.java:69)
	at org.openqa.selenium.support.pagefactory.internal.LocatingElementHandler.invoke(LocatingElementHandler.java:38)
	at com.sun.proxy.$Proxy19.click(Unknown Source)
	at modules.SignInAction.Execute(SignInAction.java:18)
	at step_definitions.accountManagement.i_sign_in(accountManagement.java:57)
	at ?.And i sign in(src/test/resources/Features/accountManagement.feature:11)
</pre></div>
			
		</li>
		<li test-id='5' class='node then skip' status='skip'>
			
			<b>Then</b>
			
			<span class="bdd-step-name">Then i sign out</span>
				<div class='pre'>skipped</div>
			
		</li>
	</ul>
</div>
<div class='scenariooutline node' test-id='6' status='fail'>
	<span class='duration right label'>0h 0m 14s+321ms</span>
	<div class='desc'>
		<b>ScenarioOutline</b>
		<span class="desc-text">Validate contact us page</span>
	</div>
	<ul class='steps'>
		<li test-id='7' class='node scenario fail' status='fail'>
			<div class='category-list'>
				<span class='category label white-text'>@ContactUs</span>
				<span class='category label white-text'>@AccountManagement</span>
			</div>
			
			<b>Scenario</b>
			
			<span class="bdd-step-name">Validate contact us page</span>
			
				<ul class='steps'>
					<li test-id='8' class='node given pass' status='pass'><b>Given</b>
						<span class="bdd-step-name">Given i open the automationPractice website</span>
							<div class='pre'>passed</div>
					</li>
					<li test-id='9' class='node and fail' status='fail'><b>And</b>
						<span class="bdd-step-name">And i choose a "Customer service" , enter the "email@hotmail.co.uk" ,"12345","This is the message",upload the "C:\Users\Bruna.Dushku\Downloads\36f1270e-d64e-45aa-9e45-1bb3b09bb068.png"</span>
							<div class='pre'><pre>org.openqa.selenium.NoSuchWindowException: no such window: target window already closed
from unknown error: web view not found
  (Session info: chrome=69.0.3497.100)
  (Driver info: chromedriver=2.40.565498 (ea082db3280dd6843ebfb08a625e3eb905c4f5ab),platform=Windows NT 6.1.7601 SP1 x86_64) (WARNING: The server did not provide any stacktrace information)
Command duration or timeout: 0 milliseconds
Build info: version: '3.5.1', revision: '9c21bb67ef', time: '2017-08-17T15:26:08.955Z'
System info: host: 'ABBEY-WED', ip: '192.168.2.68', os.name: 'Windows 7', os.arch: 'amd64', os.version: '6.1', java.version: '1.8.0_171'
Driver info: org.openqa.selenium.chrome.ChromeDriver
Capabilities [{mobileEmulationEnabled=false, hasTouchScreen=false, platform=XP, acceptSslCerts=false, acceptInsecureCerts=false, webStorageEnabled=true, browserName=chrome, takesScreenshot=true, javascriptEnabled=true, setWindowRect=true, unexpectedAlertBehaviour=, applicationCacheEnabled=false, rotatable=false, networkConnectionEnabled=false, chrome={chromedriverVersion=2.40.565498 (ea082db3280dd6843ebfb08a625e3eb905c4f5ab), userDataDir=C:\Users\BRUNA~1.DUS\AppData\Local\Temp\scoped_dir13992_21284}, takesHeapSnapshot=true, pageLoadStrategy=normal, unhandledPromptBehavior=, databaseEnabled=false, handlesAlerts=true, version=69.0.3497.100, browserConnectionEnabled=false, nativeEvents=true, locationContextEnabled=true, cssSelectorsEnabled=true}]
Session ID: 38493e400ac0ea57dfc578cfe97af9f7
*** Element info: {Using=xpath, value=//a[@title='Contact Us']}
	at sun.reflect.NativeConstructorAccessorImpl.newInstance0(Native Method)
	at sun.reflect.NativeConstructorAccessorImpl.newInstance(NativeConstructorAccessorImpl.java:62)
	at sun.reflect.DelegatingConstructorAccessorImpl.newInstance(DelegatingConstructorAccessorImpl.java:45)
	at java.lang.reflect.Constructor.newInstance(Constructor.java:423)
	at org.openqa.selenium.remote.ErrorHandler.createThrowable(ErrorHandler.java:215)
	at org.openqa.selenium.remote.ErrorHandler.throwIfResponseFailed(ErrorHandler.java:167)
	at org.openqa.selenium.remote.http.JsonHttpResponseCodec.reconstructValue(JsonHttpResponseCodec.java:40)
	at org.openqa.selenium.remote.http.AbstractHttpResponseCodec.decode(AbstractHttpResponseCodec.java:82)
	at org.openqa.selenium.remote.http.AbstractHttpResponseCodec.decode(AbstractHttpResponseCodec.java:45)
	at org.openqa.selenium.remote.HttpCommandExecutor.execute(HttpCommandExecutor.java:164)
	at org.openqa.selenium.remote.service.DriverCommandExecutor.execute(DriverCommandExecutor.java:82)
	at org.openqa.selenium.remote.RemoteWebDriver.execute(RemoteWebDriver.java:641)
	at org.openqa.selenium.remote.RemoteWebDriver.findElement(RemoteWebDriver.java:414)
	at org.openqa.selenium.remote.RemoteWebDriver.findElementByXPath(RemoteWebDriver.java:513)
	at org.openqa.selenium.By$ByXPath.findElement(By.java:361)
	at org.openqa.selenium.remote.RemoteWebDriver.findElement(RemoteWebDriver.java:406)
	at org.openqa.selenium.support.pagefactory.DefaultElementLocator.findElement(DefaultElementLocator.java:69)
	at org.openqa.selenium.support.pagefactory.internal.LocatingElementHandler.invoke(LocatingElementHandler.java:38)
	at com.sun.proxy.$Proxy19.click(Unknown Source)
	at modules.ContactUsActions.ExecuteContactUs(ContactUsActions.java:15)
	at step_definitions.accountManagement.i_choose_a_enter_the_upload_the(accountManagement.java:75)
	at ?.And i choose a "Customer service" , enter the "email@hotmail.co.uk" ,"12345","This is the message",upload the "C:\Users\Bruna.Dushku\Downloads\36f1270e-d64e-45aa-9e45-1bb3b09bb068.png"(src/test/resources/Features/accountManagement.feature:17)
</pre></div>
					</li>
					<li test-id='10' class='node then skip' status='skip'><b>Then</b>
						<span class="bdd-step-name">Then i should be able to submit the contact form</span>
							<div class='pre'>skipped</div>
					</li>
				</ul>
		</li>
	</ul>
</div>
<div class='scenariooutline node' test-id='11' status='skip'>
	<span class='duration right label'>0h 0m 5s+189ms</span>
	<div class='desc'>
		<b>ScenarioOutline</b>
		<span class="desc-text">validate the create account page</span>
	</div>
	<ul class='steps'>
		<li test-id='12' class='node scenario skip' status='skip'>
			<div class='category-list'>
				<span class='category label white-text'>@AccountManagement</span>
				<span class='category label white-text'>@CreateAccount</span>
			</div>
			
			<b>Scenario</b>
			
			<span class="bdd-step-name">validate the create account page</span>
			
				<ul class='steps'>
					<li test-id='13' class='node given skip' status='skip'><b>Given</b>
						<span class="bdd-step-name">Given i open the automationPractice website</span>
							<div class='pre'>skipped</div>
					</li>
					<li test-id='14' class='node and skip' status='skip'><b>And</b>
						<span class="bdd-step-name">And i enter my details</span>
							<div class='pre'>skipped</div>
					</li>
					<li test-id='15' class='node then skip' status='skip'><b>Then</b>
						<span class="bdd-step-name">Then is should be able to sign up and validate "http://automationpractice.com/index.php?controller=my-account"</span>
							<div class='pre'>skipped</div>
					</li>
				</ul>
		</li>
	</ul>
</div>
<div class='scenariooutline node' test-id='16' status='fail'>
	<span class='duration right label'>0h 0m 25s+760ms</span>
	<div class='desc'>
		<b>ScenarioOutline</b>
		<span class="desc-text">validate the create account page</span>
	</div>
	<ul class='steps'>
		<li test-id='17' class='node scenario fail' status='fail'>
			<div class='category-list'>
				<span class='category label white-text'>@AccountManagement</span>
				<span class='category label white-text'>@CreateNumerousAccount</span>
			</div>
			
			<b>Scenario</b>
			
			<span class="bdd-step-name">validate the create account page</span>
			
				<ul class='steps'>
					<li test-id='18' class='node given pass' status='pass'><b>Given</b>
						<span class="bdd-step-name">Given i open the automationPractice website</span>
							<div class='pre'>passed</div>
					</li>
					<li test-id='19' class='node and fail' status='fail'><b>And</b>
						<span class="bdd-step-name">And i enter my customers details</span>
							<div class='pre'><pre>org.openqa.selenium.WebDriverException: chrome not reachable
  (Session info: chrome=69.0.3497.100)
  (Driver info: chromedriver=2.40.565498 (ea082db3280dd6843ebfb08a625e3eb905c4f5ab),platform=Windows NT 6.1.7601 SP1 x86_64) (WARNING: The server did not provide any stacktrace information)
Command duration or timeout: 0 milliseconds
Build info: version: '3.5.1', revision: '9c21bb67ef', time: '2017-08-17T15:26:08.955Z'
System info: host: 'ABBEY-WED', ip: '192.168.2.68', os.name: 'Windows 7', os.arch: 'amd64', os.version: '6.1', java.version: '1.8.0_171'
Driver info: org.openqa.selenium.chrome.ChromeDriver
Capabilities [{mobileEmulationEnabled=false, hasTouchScreen=false, platform=XP, acceptSslCerts=false, acceptInsecureCerts=false, webStorageEnabled=true, browserName=chrome, takesScreenshot=true, javascriptEnabled=true, setWindowRect=true, unexpectedAlertBehaviour=, applicationCacheEnabled=false, rotatable=false, networkConnectionEnabled=false, chrome={chromedriverVersion=2.40.565498 (ea082db3280dd6843ebfb08a625e3eb905c4f5ab), userDataDir=C:\Users\BRUNA~1.DUS\AppData\Local\Temp\scoped_dir6924_15750}, takesHeapSnapshot=true, pageLoadStrategy=normal, unhandledPromptBehavior=, databaseEnabled=false, handlesAlerts=true, version=69.0.3497.100, browserConnectionEnabled=false, nativeEvents=true, locationContextEnabled=true, cssSelectorsEnabled=true}]
Session ID: cadea7eb272254c74f3398a51e5701ee
*** Element info: {Using=xpath, value=//a[@title='Log in to your customer account']}
	at sun.reflect.NativeConstructorAccessorImpl.newInstance0(Native Method)
	at sun.reflect.NativeConstructorAccessorImpl.newInstance(NativeConstructorAccessorImpl.java:62)
	at sun.reflect.DelegatingConstructorAccessorImpl.newInstance(DelegatingConstructorAccessorImpl.java:45)
	at java.lang.reflect.Constructor.newInstance(Constructor.java:423)
	at org.openqa.selenium.remote.ErrorHandler.createThrowable(ErrorHandler.java:215)
	at org.openqa.selenium.remote.ErrorHandler.throwIfResponseFailed(ErrorHandler.java:167)
	at org.openqa.selenium.remote.http.JsonHttpResponseCodec.reconstructValue(JsonHttpResponseCodec.java:40)
	at org.openqa.selenium.remote.http.AbstractHttpResponseCodec.decode(AbstractHttpResponseCodec.java:82)
	at org.openqa.selenium.remote.http.AbstractHttpResponseCodec.decode(AbstractHttpResponseCodec.java:45)
	at org.openqa.selenium.remote.HttpCommandExecutor.execute(HttpCommandExecutor.java:164)
	at org.openqa.selenium.remote.service.DriverCommandExecutor.execute(DriverCommandExecutor.java:82)
	at org.openqa.selenium.remote.RemoteWebDriver.execute(RemoteWebDriver.java:641)
	at org.openqa.selenium.remote.RemoteWebDriver.findElement(RemoteWebDriver.java:414)
	at org.openqa.selenium.remote.RemoteWebDriver.findElementByXPath(RemoteWebDriver.java:513)
	at org.openqa.selenium.By$ByXPath.findElement(By.java:361)
	at org.openqa.selenium.remote.RemoteWebDriver.findElement(RemoteWebDriver.java:406)
	at org.openqa.selenium.support.pagefactory.DefaultElementLocator.findElement(DefaultElementLocator.java:69)
	at org.openqa.selenium.support.pagefactory.internal.LocatingElementHandler.invoke(LocatingElementHandler.java:38)
	at com.sun.proxy.$Proxy19.click(Unknown Source)
	at modules.CreateNumerousAccounts.executeCreateAccount(CreateNumerousAccounts.java:18)
	at step_definitions.accountManagement.i_enter_my_customers_details(accountManagement.java:109)
	at ?.And i enter my customers details(src/test/resources/Features/accountManagement.feature:36)
</pre></div>
					</li>
					<li test-id='20' class='node then skip' status='skip'><b>Then</b>
						<span class="bdd-step-name">Then is should be able to add all customers  and validate "http://automationpractice.com/index.php?controller=authentication&back=my-account"</span>
							<div class='pre'>skipped</div>
					</li>
				</ul>
		</li>
	</ul>
</div>
					</div>
				</li>
				
				
				<li class='test displayed active has-leaf fail' status='fail' bdd='true' test-id='21'>
					<div class='test-heading'>
						<span class='test-name'>Shopping card management</span>
						<span class='test-time'>Oct 29, 2018 09:57:09 AM</span>
						<span class='test-status right fail'>fail</span>
					</div>
					<div class='test-content hide'>
<div class='scenario node' test-id='22' status='fail'>
	<div class='category-list'>
		<span class='category label white-text'>@AddToCard</span>
	</div>
	<span class='duration right label'>0h 0m 21s+154ms</span>
	<div class='desc'>
		<b>Scenario</b>
		<span class="desc-text">validate add to card from the product pic</span>
	</div>
	<ul class='steps'>
		<li test-id='23' class='node given pass' status='pass'>
			
			<b>Given</b>
			
			<span class="bdd-step-name">Given i open the automationPractice website</span>
				<div class='pre'>passed</div>
			
		</li>
		<li test-id='24' class='node and fail' status='fail'>
			
			<b>And</b>
			
			<span class="bdd-step-name">And i sign in</span>
				<div class='pre'><pre>org.openqa.selenium.WebDriverException: chrome not reachable
  (Session info: chrome=69.0.3497.100)
  (Driver info: chromedriver=2.40.565498 (ea082db3280dd6843ebfb08a625e3eb905c4f5ab),platform=Windows NT 6.1.7601 SP1 x86_64) (WARNING: The server did not provide any stacktrace information)
Command duration or timeout: 0 milliseconds
Build info: version: '3.5.1', revision: '9c21bb67ef', time: '2017-08-17T15:26:08.955Z'
System info: host: 'ABBEY-WED', ip: '192.168.2.68', os.name: 'Windows 7', os.arch: 'amd64', os.version: '6.1', java.version: '1.8.0_171'
Driver info: org.openqa.selenium.chrome.ChromeDriver
Capabilities [{mobileEmulationEnabled=false, hasTouchScreen=false, platform=XP, acceptSslCerts=false, acceptInsecureCerts=false, webStorageEnabled=true, browserName=chrome, takesScreenshot=true, javascriptEnabled=true, setWindowRect=true, unexpectedAlertBehaviour=, applicationCacheEnabled=false, rotatable=false, networkConnectionEnabled=false, chrome={chromedriverVersion=2.40.565498 (ea082db3280dd6843ebfb08a625e3eb905c4f5ab), userDataDir=C:\Users\BRUNA~1.DUS\AppData\Local\Temp\scoped_dir21780_13617}, takesHeapSnapshot=true, pageLoadStrategy=normal, unhandledPromptBehavior=, databaseEnabled=false, handlesAlerts=true, version=69.0.3497.100, browserConnectionEnabled=false, nativeEvents=true, locationContextEnabled=true, cssSelectorsEnabled=true}]
Session ID: e7053169b148c34023d16da6b5e3ec31
*** Element info: {Using=xpath, value=//a[@title='Log in to your customer account']}
	at sun.reflect.NativeConstructorAccessorImpl.newInstance0(Native Method)
	at sun.reflect.NativeConstructorAccessorImpl.newInstance(NativeConstructorAccessorImpl.java:62)
	at sun.reflect.DelegatingConstructorAccessorImpl.newInstance(DelegatingConstructorAccessorImpl.java:45)
	at java.lang.reflect.Constructor.newInstance(Constructor.java:423)
	at org.openqa.selenium.remote.ErrorHandler.createThrowable(ErrorHandler.java:215)
	at org.openqa.selenium.remote.ErrorHandler.throwIfResponseFailed(ErrorHandler.java:167)
	at org.openqa.selenium.remote.http.JsonHttpResponseCodec.reconstructValue(JsonHttpResponseCodec.java:40)
	at org.openqa.selenium.remote.http.AbstractHttpResponseCodec.decode(AbstractHttpResponseCodec.java:82)
	at org.openqa.selenium.remote.http.AbstractHttpResponseCodec.decode(AbstractHttpResponseCodec.java:45)
	at org.openqa.selenium.remote.HttpCommandExecutor.execute(HttpCommandExecutor.java:164)
	at org.openqa.selenium.remote.service.DriverCommandExecutor.execute(DriverCommandExecutor.java:82)
	at org.openqa.selenium.remote.RemoteWebDriver.execute(RemoteWebDriver.java:641)
	at org.openqa.selenium.remote.RemoteWebDriver.findElement(RemoteWebDriver.java:414)
	at org.openqa.selenium.remote.RemoteWebDriver.findElementByXPath(RemoteWebDriver.java:513)
	at org.openqa.selenium.By$ByXPath.findElement(By.java:361)
	at org.openqa.selenium.remote.RemoteWebDriver.findElement(RemoteWebDriver.java:406)
	at org.openqa.selenium.support.pagefactory.DefaultElementLocator.findElement(DefaultElementLocator.java:69)
	at org.openqa.selenium.support.pagefactory.internal.LocatingElementHandler.invoke(LocatingElementHandler.java:38)
	at com.sun.proxy.$Proxy19.click(Unknown Source)
	at modules.SignInAction.Execute(SignInAction.java:18)
	at step_definitions.accountManagement.i_sign_in(accountManagement.java:57)
	at ?.And i sign in(src/test/resources/Features/dresses.feature:5)
</pre></div>
			
		</li>
		<li test-id='25' class='node and skip' status='skip'>
			
			<b>And</b>
			
			<span class="bdd-step-name">And i click on Dresses</span>
				<div class='pre'>skipped</div>
			
		</li>
		<li test-id='26' class='node and skip' status='skip'>
			
			<b>And</b>
			
			<span class="bdd-step-name">And i hover the first product</span>
				<div class='pre'>skipped</div>
			
		</li>
		<li test-id='27' class='node and skip' status='skip'>
			
			<b>And</b>
			
			<span class="bdd-step-name">And i click on add to card</span>
				<div class='pre'>skipped</div>
			
		</li>
		<li test-id='28' class='node and skip' status='skip'>
			
			<b>And</b>
			
			<span class="bdd-step-name">And i continue to Check out</span>
				<div class='pre'>skipped</div>
			
		</li>
		<li test-id='29' class='node then skip' status='skip'>
			
			<b>Then</b>
			
			<span class="bdd-step-name">Then i should be able to see my item in the shooping card</span>
				<div class='pre'>skipped</div>
			
		</li>
	</ul>
</div>
					</div>
				</li>
				
				
				<li class='test displayed active has-leaf skip' status='skip' bdd='true' test-id='30'>
					<div class='test-heading'>
						<span class='test-name'>Shopping card management</span>
						<span class='test-time'>Oct 29, 2018 09:57:39 AM</span>
						<span class='test-status right skip'>skip</span>
					</div>
					<div class='test-content hide'>
<div class='scenario node' test-id='31' status='skip'>
	<div class='category-list'>
		<span class='category label white-text'>@AmendCard</span>
	</div>
	<span class='duration right label'>0h 0m 11s+567ms</span>
	<div class='desc'>
		<b>Scenario</b>
		<span class="desc-text">validate amend card actions</span>
	</div>
	<ul class='steps'>
		<li test-id='32' class='node given skip' status='skip'>
			
			<b>Given</b>
			
			<span class="bdd-step-name">Given i open the automationPractice website</span>
				<div class='pre'>skipped</div>
			
		</li>
		<li test-id='33' class='node and skip' status='skip'>
			
			<b>And</b>
			
			<span class="bdd-step-name">And i sign in</span>
				<div class='pre'>skipped</div>
			
		</li>
		<li test-id='34' class='node and skip' status='skip'>
			
			<b>And</b>
			
			<span class="bdd-step-name">And i add products to the card</span>
				<div class='pre'>skipped</div>
			
		</li>
		<li test-id='35' class='node and skip' status='skip'>
			
			<b>And</b>
			
			<span class="bdd-step-name">And i go to the card</span>
				<div class='pre'>skipped</div>
			
		</li>
		<li test-id='36' class='node and skip' status='skip'>
			
			<b>And</b>
			
			<span class="bdd-step-name">And i amend product quanity on the card</span>
				<div class='pre'>skipped</div>
			
		</li>
		<li test-id='37' class='node and skip' status='skip'>
			
			<b>And</b>
			
			<span class="bdd-step-name">And i delete a product from the card</span>
				<div class='pre'>skipped</div>
			
		</li>
		<li test-id='38' class='node and skip' status='skip'>
			
			<b>And</b>
			
			<span class="bdd-step-name">And i make zero the product quantity on the card</span>
				<div class='pre'>skipped</div>
			
		</li>
		<li test-id='39' class='node then skip' status='skip'>
			
			<b>Then</b>
			
			<span class="bdd-step-name">Then i should be able to verify the changes</span>
				<div class='pre'>skipped</div>
			
		</li>
	</ul>
</div>
					</div>
				</li>
				
				
				<li class='test displayed active has-leaf fail' status='fail' bdd='true' test-id='40'>
					<div class='test-heading'>
						<span class='test-name'>Shopping card management</span>
						<span class='test-time'>Oct 29, 2018 09:57:58 AM</span>
						<span class='test-status right fail'>fail</span>
					</div>
					<div class='test-content hide'>
<div class='scenariooutline node' test-id='41' status='pass'>
	<span class='duration right label'>0h 1m 51s+403ms</span>
	<div class='desc'>
		<b>ScenarioOutline</b>
		<span class="desc-text">validate checkout with blank transfer</span>
	</div>
	<ul class='steps'>
		<li test-id='42' class='node scenario pass' status='pass'>
			<div class='category-list'>
				<span class='category label white-text'>@CheckOut</span>
			</div>
			
			<b>Scenario</b>
			
			<span class="bdd-step-name">validate checkout with blank transfer</span>
			
				<ul class='steps'>
					<li test-id='43' class='node given pass' status='pass'><b>Given</b>
						<span class="bdd-step-name">Given i open the automationPractice website</span>
							<div class='pre'>passed</div>
					</li>
					<li test-id='44' class='node and pass' status='pass'><b>And</b>
						<span class="bdd-step-name">And i sign in</span>
							<div class='pre'>passed</div>
					</li>
					<li test-id='45' class='node and pass' status='pass'><b>And</b>
						<span class="bdd-step-name">And i add a product to the card</span>
							<div class='pre'>passed</div>
					</li>
					<li test-id='46' class='node and pass' status='pass'><b>And</b>
						<span class="bdd-step-name">And i  proceed to check out</span>
							<div class='pre'>passed</div>
					</li>
					<li test-id='47' class='node and pass' status='pass'><b>And</b>
						<span class="bdd-step-name">And i confirm the address</span>
							<div class='pre'>passed</div>
					</li>
					<li test-id='48' class='node and pass' status='pass'><b>And</b>
						<span class="bdd-step-name">And i confirm the shipping information</span>
							<div class='pre'>passed</div>
					</li>
					<li test-id='49' class='node and pass' status='pass'><b>And</b>
						<span class="bdd-step-name">And i checkout by bank wire</span>
							<div class='pre'>passed</div>
					</li>
					<li test-id='50' class='node and pass' status='pass'><b>And</b>
						<span class="bdd-step-name">And i confirm my order</span>
							<div class='pre'>passed</div>
					</li>
					<li test-id='51' class='node then pass' status='pass'><b>Then</b>
						<span class="bdd-step-name">Then i should be able to place an order and confirm the "Your order on My Store is complete."</span>
							<div class='pre'>passed</div>
					</li>
				</ul>
		</li>
	</ul>
</div>
<div class='scenario node' test-id='52' status='pass'>
	<div class='category-list'>
		<span class='category label white-text'>@CheckOut</span>
		<span class='category label white-text'>@CheckoutWithOrderRef</span>
	</div>
	<span class='duration right label'>0h 1m 2s+886ms</span>
	<div class='desc'>
		<b>Scenario</b>
		<span class="desc-text">validate checkout with blank transfer is available in the placed orders</span>
	</div>
	<ul class='steps'>
		<li test-id='53' class='node given pass' status='pass'>
			
			<b>Given</b>
			
			<span class="bdd-step-name">Given i open the automationPractice website</span>
				<div class='pre'>passed</div>
			
		</li>
		<li test-id='54' class='node and pass' status='pass'>
			
			<b>And</b>
			
			<span class="bdd-step-name">And i sign in</span>
				<div class='pre'>passed</div>
			
		</li>
		<li test-id='55' class='node and pass' status='pass'>
			
			<b>And</b>
			
			<span class="bdd-step-name">And i add a product to the card</span>
				<div class='pre'>passed</div>
			
		</li>
		<li test-id='56' class='node and pass' status='pass'>
			
			<b>And</b>
			
			<span class="bdd-step-name">And i  proceed to check out</span>
				<div class='pre'>passed</div>
			
		</li>
		<li test-id='57' class='node and pass' status='pass'>
			
			<b>And</b>
			
			<span class="bdd-step-name">And i confirm the address</span>
				<div class='pre'>passed</div>
			
		</li>
		<li test-id='58' class='node and pass' status='pass'>
			
			<b>And</b>
			
			<span class="bdd-step-name">And i confirm the shipping information</span>
				<div class='pre'>passed</div>
			
		</li>
		<li test-id='59' class='node and pass' status='pass'>
			
			<b>And</b>
			
			<span class="bdd-step-name">And i checkout by bank wire</span>
				<div class='pre'>passed</div>
			
		</li>
		<li test-id='60' class='node and pass' status='pass'>
			
			<b>And</b>
			
			<span class="bdd-step-name">And i confirm my order</span>
				<div class='pre'>passed</div>
			
		</li>
		<li test-id='61' class='node then pass' status='pass'>
			
			<b>Then</b>
			
			<span class="bdd-step-name">Then i should be able to see my order in the order history</span>
				<div class='pre'>passed</div>
			
		</li>
	</ul>
</div>
<div class='scenariooutline node' test-id='62' status='pass'>
	<span class='duration right label'>0h 0m 44s+457ms</span>
	<div class='desc'>
		<b>ScenarioOutline</b>
		<span class="desc-text">validate checkout with bank Check</span>
	</div>
	<ul class='steps'>
		<li test-id='63' class='node scenario pass' status='pass'>
			<div class='category-list'>
				<span class='category label white-text'>@CheckOut</span>
			</div>
			
			<b>Scenario</b>
			
			<span class="bdd-step-name">validate checkout with bank Check</span>
			
				<ul class='steps'>
					<li test-id='64' class='node given pass' status='pass'><b>Given</b>
						<span class="bdd-step-name">Given i open the automationPractice website</span>
							<div class='pre'>passed</div>
					</li>
					<li test-id='65' class='node and pass' status='pass'><b>And</b>
						<span class="bdd-step-name">And i sign in</span>
							<div class='pre'>passed</div>
					</li>
					<li test-id='66' class='node and pass' status='pass'><b>And</b>
						<span class="bdd-step-name">And i add a product to the card</span>
							<div class='pre'>passed</div>
					</li>
					<li test-id='67' class='node and pass' status='pass'><b>And</b>
						<span class="bdd-step-name">And i  proceed to check out</span>
							<div class='pre'>passed</div>
					</li>
					<li test-id='68' class='node and pass' status='pass'><b>And</b>
						<span class="bdd-step-name">And i confirm the address</span>
							<div class='pre'>passed</div>
					</li>
					<li test-id='69' class='node and pass' status='pass'><b>And</b>
						<span class="bdd-step-name">And i confirm the shipping information</span>
							<div class='pre'>passed</div>
					</li>
					<li test-id='70' class='node and pass' status='pass'><b>And</b>
						<span class="bdd-step-name">And i checkout by check</span>
							<div class='pre'>passed</div>
					</li>
					<li test-id='71' class='node and pass' status='pass'><b>And</b>
						<span class="bdd-step-name">And i confirm my order</span>
							<div class='pre'>passed</div>
					</li>
					<li test-id='72' class='node then pass' status='pass'><b>Then</b>
						<span class="bdd-step-name">Then i should be able to place an order and confirm the "Your order on My Store is complete."</span>
							<div class='pre'>passed</div>
					</li>
				</ul>
		</li>
	</ul>
</div>
<div class='scenario node' test-id='73' status='fail'>
	<div class='category-list'>
		<span class='category label white-text'>@CheckOut</span>
		<span class='category label white-text'>@CheckoutWithOrderRef</span>
	</div>
	<span class='duration right label'>0h 0m 44s+929ms</span>
	<div class='desc'>
		<b>Scenario</b>
		<span class="desc-text">validate checkout with bank Check</span>
	</div>
	<ul class='steps'>
		<li test-id='74' class='node given pass' status='pass'>
			
			<b>Given</b>
			
			<span class="bdd-step-name">Given i open the automationPractice website</span>
				<div class='pre'>passed</div>
			
		</li>
		<li test-id='75' class='node and pass' status='pass'>
			
			<b>And</b>
			
			<span class="bdd-step-name">And i sign in</span>
				<div class='pre'>passed</div>
			
		</li>
		<li test-id='76' class='node and pass' status='pass'>
			
			<b>And</b>
			
			<span class="bdd-step-name">And i add a product to the card</span>
				<div class='pre'>passed</div>
			
		</li>
		<li test-id='77' class='node and pass' status='pass'>
			
			<b>And</b>
			
			<span class="bdd-step-name">And i  proceed to check out</span>
				<div class='pre'>passed</div>
			
		</li>
		<li test-id='78' class='node and pass' status='pass'>
			
			<b>And</b>
			
			<span class="bdd-step-name">And i confirm the address</span>
				<div class='pre'>passed</div>
			
		</li>
		<li test-id='79' class='node and pass' status='pass'>
			
			<b>And</b>
			
			<span class="bdd-step-name">And i confirm the shipping information</span>
				<div class='pre'>passed</div>
			
		</li>
		<li test-id='80' class='node and pass' status='pass'>
			
			<b>And</b>
			
			<span class="bdd-step-name">And i checkout by check</span>
				<div class='pre'>passed</div>
			
		</li>
		<li test-id='81' class='node and pass' status='pass'>
			
			<b>And</b>
			
			<span class="bdd-step-name">And i confirm my order</span>
				<div class='pre'>passed</div>
			
		</li>
		<li test-id='82' class='node then fail' status='fail'>
			
			<b>Then</b>
			
			<span class="bdd-step-name">Then i should be able to see my order in the order history</span>
			<ul class='screenshots right'>
				<li><a data-featherlight="image" href="\ExecutionReports\\FailedScreenshots\Screenshot_1540807343972.png"><i class='material-icons'>panorama</i></a></li>
			</ul>
				<div class='pre'><pre>org.openqa.selenium.NoSuchElementException: no such element: Unable to locate element: {"method":"xpath","selector":"//div[@class='box']"}
  (Session info: chrome=69.0.3497.100)
  (Driver info: chromedriver=2.40.565498 (ea082db3280dd6843ebfb08a625e3eb905c4f5ab),platform=Windows NT 6.1.7601 SP1 x86_64) (WARNING: The server did not provide any stacktrace information)
Command duration or timeout: 0 milliseconds
For documentation on this error, please visit: http://seleniumhq.org/exceptions/no_such_element.html
Build info: version: '3.5.1', revision: '9c21bb67ef', time: '2017-08-17T15:26:08.955Z'
System info: host: 'ABBEY-WED', ip: '192.168.2.68', os.name: 'Windows 7', os.arch: 'amd64', os.version: '6.1', java.version: '1.8.0_171'
Driver info: org.openqa.selenium.chrome.ChromeDriver
Capabilities [{mobileEmulationEnabled=false, hasTouchScreen=false, platform=XP, acceptSslCerts=false, acceptInsecureCerts=false, webStorageEnabled=true, browserName=chrome, takesScreenshot=true, javascriptEnabled=true, setWindowRect=true, unexpectedAlertBehaviour=, applicationCacheEnabled=false, rotatable=false, networkConnectionEnabled=false, chrome={chromedriverVersion=2.40.565498 (ea082db3280dd6843ebfb08a625e3eb905c4f5ab), userDataDir=C:\Users\BRUNA~1.DUS\AppData\Local\Temp\scoped_dir24500_24200}, takesHeapSnapshot=true, pageLoadStrategy=normal, unhandledPromptBehavior=, databaseEnabled=false, handlesAlerts=true, version=69.0.3497.100, browserConnectionEnabled=false, nativeEvents=true, locationContextEnabled=true, cssSelectorsEnabled=true}]
Session ID: fd2a55ae3351fa65b4265705ea27e403
*** Element info: {Using=xpath, value=//div[@class='box']}
	at sun.reflect.NativeConstructorAccessorImpl.newInstance0(Native Method)
	at sun.reflect.NativeConstructorAccessorImpl.newInstance(NativeConstructorAccessorImpl.java:62)
	at sun.reflect.DelegatingConstructorAccessorImpl.newInstance(DelegatingConstructorAccessorImpl.java:45)
	at java.lang.reflect.Constructor.newInstance(Constructor.java:423)
	at org.openqa.selenium.remote.ErrorHandler.createThrowable(ErrorHandler.java:215)
	at org.openqa.selenium.remote.ErrorHandler.throwIfResponseFailed(ErrorHandler.java:167)
	at org.openqa.selenium.remote.http.JsonHttpResponseCodec.reconstructValue(JsonHttpResponseCodec.java:40)
	at org.openqa.selenium.remote.http.AbstractHttpResponseCodec.decode(AbstractHttpResponseCodec.java:82)
	at org.openqa.selenium.remote.http.AbstractHttpResponseCodec.decode(AbstractHttpResponseCodec.java:45)
	at org.openqa.selenium.remote.HttpCommandExecutor.execute(HttpCommandExecutor.java:164)
	at org.openqa.selenium.remote.service.DriverCommandExecutor.execute(DriverCommandExecutor.java:82)
	at org.openqa.selenium.remote.RemoteWebDriver.execute(RemoteWebDriver.java:641)
	at org.openqa.selenium.remote.RemoteWebDriver.findElement(RemoteWebDriver.java:414)
	at org.openqa.selenium.remote.RemoteWebDriver.findElementByXPath(RemoteWebDriver.java:513)
	at org.openqa.selenium.By$ByXPath.findElement(By.java:361)
	at org.openqa.selenium.remote.RemoteWebDriver.findElement(RemoteWebDriver.java:406)
	at org.openqa.selenium.support.pagefactory.DefaultElementLocator.findElement(DefaultElementLocator.java:69)
	at org.openqa.selenium.support.pagefactory.internal.LocatingElementHandler.invoke(LocatingElementHandler.java:38)
	at com.sun.proxy.$Proxy19.getText(Unknown Source)
	at modules.CheckOutActions.getOrderRef(CheckOutActions.java:76)
	at step_definitions.DressesShopping.i_should_be_able_to_see_my_order_in_the_order_history(DressesShopping.java:221)
	at ?.Then i should be able to see my order in the order history(src/test/resources/Features/dresses.feature:65)
</pre></div>
			
		</li>
	</ul>
</div>
					</div>
				</li>
			</ul>
		</div>
	</div>
	<!-- subview left -->

	<div class='subview-right left'>
		<div class='view-summary'>
			<h5 class='test-name'></h5>

			<div id='step-filters' class="right">
				<span class="blue-text" status="info" alt="info" title="info"><i class="material-icons">info_outline</i></span>
				<span class="green-text" status="pass" alt="pass" title="pass"><i class="material-icons">check_circle</i></span>
				<span class="red-text" status="fail" alt="fail" title="fail"><i class="material-icons">cancel</i></span>
				<span class="red-text text-darken-4" status="fatal" alt="fatal" title="fatal"><i class="material-icons">cancel</i></span>
				<span class="pink-text text-lighten-1" status="error" alt="error" title="error"><i class="material-icons">error</i></span>
				<span class="orange-text" alt="warning" status="warning" title="warning"><i class="material-icons">warning</i></span>
				<span class="teal-text" status="skip" alt="skip" title="skip"><i class="material-icons">redo</i></span>
				<span status="clear" alt="Clear filters" title="Clear filters"><i class="material-icons">clear</i></span>
			</div>
		</div>
	</div>
	<!-- subview right -->

</div>
<!-- test view -->
<div id='category-view' class='view hide'>

	<section id='controls'>
		<div class='controls grey lighten-4'>
			<!-- search -->
			<div class='chip transparent' alt='Search Tests' title='Search Tests'>
				<a href="#" class='search-div'>
					<i class='material-icons'>search</i> Search
				</a>
				
				<div class='input-field left hide'>
					<input id='search-tests' type='text' class='validate browser-default' placeholder='Search Tests...'>
				</div>
				
			</div>
			<!-- search -->
		</div>
	</section>

	<div class='subview-left left'>
		
		<div class='view-summary'>
			<h5>Categories</h3>
			<ul id='category-collection' class='category-collection'>
				
				<li class='category displayed active'>
					<div class='category-heading'>
						<span class='category-name'>@AccountManagement</span>
						<span class='category-status right'>
							<span class='label fail'>3</span>
							<span class='label others'>1</span>
						</span>
					</div>
					<div class='category-content hide'>
						<div class='category-status-counts'>
							
							<span class='label red lighten-1 white-text'>Failed: 3</span>
							<span class='label yellow darken-2 white-text'>Others: 1</span>
						</div>
					
						<div class='category-tests'>
							<table class='bordered table-results'>
								<thead>
									<tr>
										<th>Timestamp</th>
										<th>TestName</th>
										<th>Status</th>
									</tr>
								</thead>
								<tbody>
									<tr>
										<td>Oct 29, 2018 09:55:32 AM</td>
										<td class='linked' test-id='1'>user account management</td>
										<td><span class='test-status fail'>fail</span></td>
									</tr>
									<tr>
										<td>Oct 29, 2018 09:56:06 AM</td>
										<td class='linked' test-id='7'>user account management.Validate contact us page.Validate contact us page</td>
										<td><span class='test-status fail'>fail</span></td>
									</tr>
									<tr>
										<td>Oct 29, 2018 09:56:23 AM</td>
										<td class='linked' test-id='12'>user account management.validate the create account page.validate the create account page</td>
										<td><span class='test-status skip'>skip</span></td>
									</tr>
									<tr>
										<td>Oct 29, 2018 09:56:32 AM</td>
										<td class='linked' test-id='17'>user account management.validate the create account page.validate the create account page</td>
										<td><span class='test-status fail'>fail</span></td>
									</tr>
								</tbody>
							</table>
						</div>
					</div>
				</li>
				<li class='category displayed active'>
					<div class='category-heading'>
						<span class='category-name'>@SignInSignOut</span>
						<span class='category-status right'>
							<span class='label fail'>1</span>
						</span>
					</div>
					<div class='category-content hide'>
						<div class='category-status-counts'>
							
							<span class='label red lighten-1 white-text'>Failed: 1</span>
							
						</div>
					
						<div class='category-tests'>
							<table class='bordered table-results'>
								<thead>
									<tr>
										<th>Timestamp</th>
										<th>TestName</th>
										<th>Status</th>
									</tr>
								</thead>
								<tbody>
									<tr>
										<td>Oct 29, 2018 09:55:32 AM</td>
										<td class='linked' test-id='2'>user account management.Sign in and out action</td>
										<td><span class='test-status fail'>fail</span></td>
									</tr>
								</tbody>
							</table>
						</div>
					</div>
				</li>
				<li class='category displayed active'>
					<div class='category-heading'>
						<span class='category-name'>@ContactUs</span>
						<span class='category-status right'>
							<span class='label fail'>1</span>
						</span>
					</div>
					<div class='category-content hide'>
						<div class='category-status-counts'>
							
							<span class='label red lighten-1 white-text'>Failed: 1</span>
							
						</div>
					
						<div class='category-tests'>
							<table class='bordered table-results'>
								<thead>
									<tr>
										<th>Timestamp</th>
										<th>TestName</th>
										<th>Status</th>
									</tr>
								</thead>
								<tbody>
									<tr>
										<td>Oct 29, 2018 09:56:06 AM</td>
										<td class='linked' test-id='7'>user account management.Validate contact us page.Validate contact us page</td>
										<td><span class='test-status fail'>fail</span></td>
									</tr>
								</tbody>
							</table>
						</div>
					</div>
				</li>
				<li class='category displayed active'>
					<div class='category-heading'>
						<span class='category-name'>@CreateAccount</span>
						<span class='category-status right'>
							<span class='label others'>1</span>
						</span>
					</div>
					<div class='category-content hide'>
						<div class='category-status-counts'>
							
							
							<span class='label yellow darken-2 white-text'>Others: 1</span>
						</div>
					
						<div class='category-tests'>
							<table class='bordered table-results'>
								<thead>
									<tr>
										<th>Timestamp</th>
										<th>TestName</th>
										<th>Status</th>
									</tr>
								</thead>
								<tbody>
									<tr>
										<td>Oct 29, 2018 09:56:23 AM</td>
										<td class='linked' test-id='12'>user account management.validate the create account page.validate the create account page</td>
										<td><span class='test-status skip'>skip</span></td>
									</tr>
								</tbody>
							</table>
						</div>
					</div>
				</li>
				<li class='category displayed active'>
					<div class='category-heading'>
						<span class='category-name'>@CreateNumerousAccount</span>
						<span class='category-status right'>
							<span class='label fail'>1</span>
						</span>
					</div>
					<div class='category-content hide'>
						<div class='category-status-counts'>
							
							<span class='label red lighten-1 white-text'>Failed: 1</span>
							
						</div>
					
						<div class='category-tests'>
							<table class='bordered table-results'>
								<thead>
									<tr>
										<th>Timestamp</th>
										<th>TestName</th>
										<th>Status</th>
									</tr>
								</thead>
								<tbody>
									<tr>
										<td>Oct 29, 2018 09:56:32 AM</td>
										<td class='linked' test-id='17'>user account management.validate the create account page.validate the create account page</td>
										<td><span class='test-status fail'>fail</span></td>
									</tr>
								</tbody>
							</table>
						</div>
					</div>
				</li>
				<li class='category displayed active'>
					<div class='category-heading'>
						<span class='category-name'>@AddToCard</span>
						<span class='category-status right'>
							<span class='label fail'>1</span>
						</span>
					</div>
					<div class='category-content hide'>
						<div class='category-status-counts'>
							
							<span class='label red lighten-1 white-text'>Failed: 1</span>
							
						</div>
					
						<div class='category-tests'>
							<table class='bordered table-results'>
								<thead>
									<tr>
										<th>Timestamp</th>
										<th>TestName</th>
										<th>Status</th>
									</tr>
								</thead>
								<tbody>
									<tr>
										<td>Oct 29, 2018 09:57:09 AM</td>
										<td class='linked' test-id='22'>Shopping card management.validate add to card from the product pic</td>
										<td><span class='test-status fail'>fail</span></td>
									</tr>
								</tbody>
							</table>
						</div>
					</div>
				</li>
				<li class='category displayed active'>
					<div class='category-heading'>
						<span class='category-name'>@AmendCard</span>
						<span class='category-status right'>
							<span class='label others'>1</span>
						</span>
					</div>
					<div class='category-content hide'>
						<div class='category-status-counts'>
							
							
							<span class='label yellow darken-2 white-text'>Others: 1</span>
						</div>
					
						<div class='category-tests'>
							<table class='bordered table-results'>
								<thead>
									<tr>
										<th>Timestamp</th>
										<th>TestName</th>
										<th>Status</th>
									</tr>
								</thead>
								<tbody>
									<tr>
										<td>Oct 29, 2018 09:57:39 AM</td>
										<td class='linked' test-id='31'>Shopping card management.validate amend card actions</td>
										<td><span class='test-status skip'>skip</span></td>
									</tr>
								</tbody>
							</table>
						</div>
					</div>
				</li>
				<li class='category displayed active'>
					<div class='category-heading'>
						<span class='category-name'>@CheckOut</span>
						<span class='category-status right'>
							<span class='label pass'>3</span>
							<span class='label fail'>1</span>
						</span>
					</div>
					<div class='category-content hide'>
						<div class='category-status-counts'>
							<span class='label green accent-4 white-text'>Passed: 3</span>
							<span class='label red lighten-1 white-text'>Failed: 1</span>
							
						</div>
					
						<div class='category-tests'>
							<table class='bordered table-results'>
								<thead>
									<tr>
										<th>Timestamp</th>
										<th>TestName</th>
										<th>Status</th>
									</tr>
								</thead>
								<tbody>
									<tr>
										<td>Oct 29, 2018 09:57:58 AM</td>
										<td class='linked' test-id='42'>Shopping card management.validate checkout with blank transfer.validate checkout with blank transfer</td>
										<td><span class='test-status pass'>pass</span></td>
									</tr>
									<tr>
										<td>Oct 29, 2018 09:59:50 AM</td>
										<td class='linked' test-id='52'>Shopping card management.validate checkout with blank transfer is available in the placed orders</td>
										<td><span class='test-status pass'>pass</span></td>
									</tr>
									<tr>
										<td>Oct 29, 2018 10:00:53 AM</td>
										<td class='linked' test-id='63'>Shopping card management.validate checkout with bank Check.validate checkout with bank Check</td>
										<td><span class='test-status pass'>pass</span></td>
									</tr>
									<tr>
										<td>Oct 29, 2018 10:01:38 AM</td>
										<td class='linked' test-id='73'>Shopping card management.validate checkout with bank Check</td>
										<td><span class='test-status fail'>fail</span></td>
									</tr>
								</tbody>
							</table>
						</div>
					</div>
				</li>
				<li class='category displayed active'>
					<div class='category-heading'>
						<span class='category-name'>@CheckoutWithOrderRef</span>
						<span class='category-status right'>
							<span class='label pass'>1</span>
							<span class='label fail'>1</span>
						</span>
					</div>
					<div class='category-content hide'>
						<div class='category-status-counts'>
							<span class='label green accent-4 white-text'>Passed: 1</span>
							<span class='label red lighten-1 white-text'>Failed: 1</span>
							
						</div>
					
						<div class='category-tests'>
							<table class='bordered table-results'>
								<thead>
									<tr>
										<th>Timestamp</th>
										<th>TestName</th>
										<th>Status</th>
									</tr>
								</thead>
								<tbody>
									<tr>
										<td>Oct 29, 2018 09:59:50 AM</td>
										<td class='linked' test-id='52'>Shopping card management.validate checkout with blank transfer is available in the placed orders</td>
										<td><span class='test-status pass'>pass</span></td>
									</tr>
									<tr>
										<td>Oct 29, 2018 10:01:38 AM</td>
										<td class='linked' test-id='73'>Shopping card management.validate checkout with bank Check</td>
										<td><span class='test-status fail'>fail</span></td>
									</tr>
								</tbody>
							</table>
						</div>
					</div>
				</li>

			</ul>
		</div>
	</div>

	<div class='subview-right left'>
		<div class='view-summary'>
			<h5 class='category-name'></h5>
		</div>
	</div>
</div>
<!-- category view -->
<div id='exception-view' class='view hide'>

    <section id='controls'>
        <div class='controls grey lighten-4'>
            <!-- search -->
            <div class='chip transparent' alt='Search Tests' title='Search Tests'>
                <a href="#" class='search-div'>
                    <i class='material-icons'>search</i> Search
                </a>

                <div class='input-field left hide'>
                    <input id='search-tests' type='text' class='validate browser-default' placeholder='Search Tests...'>
                </div>

            </div>
            <!-- search -->
        </div>
    </section>

    <div class='subview-left left'>

        <div class='view-summary'>
            <h5>Exceptions</h3>
                <ul id='exception-collection' class='exception-collection'>

                        <li class='exception displayed active'>
                            <div class='exception-heading'>
                                <span class='exception-name'>org.openqa.selenium.NoSuchWindowException</span>
                                <span class='exception-count right'><span class='label red lighten-1 white-text'>2</span></span>
                            </div>
                            <div class='exception-content hide'>
                                <div class='exception-tests'>
                                    <table class='bordered table-results'>
                                        <thead>
                                        <tr>
                                            <th>Timestamp</th>
                                            <th>TestName</th>
                                            <th>Status</th>
                                        </tr>
                                        </thead>
                                        <tbody>
                                                    <tr>
                                                        <td>Oct 29, 2018 09:56:03 AM</td>
                                                        <td class='linked' test-id='4'>user account management.Sign in and out action.And i sign in</td>
                                                        <td><pre><pre>org.openqa.selenium.NoSuchWindowException: no such window: target window already closed
from unknown error: web view not found
  (Session info: chrome=69.0.3497.100)
  (Driver info: chromedriver=2.40.565498 (ea082db3280dd6843ebfb08a625e3eb905c4f5ab),platform=Windows NT 6.1.7601 SP1 x86_64) (WARNING: The server did not provide any stacktrace information)
Command duration or timeout: 0 milliseconds
Build info: version: '3.5.1', revision: '9c21bb67ef', time: '2017-08-17T15:26:08.955Z'
System info: host: 'ABBEY-WED', ip: '192.168.2.68', os.name: 'Windows 7', os.arch: 'amd64', os.version: '6.1', java.version: '1.8.0_171'
Driver info: org.openqa.selenium.chrome.ChromeDriver
Capabilities [{mobileEmulationEnabled=false, hasTouchScreen=false, platform=XP, acceptSslCerts=false, acceptInsecureCerts=false, webStorageEnabled=true, browserName=chrome, takesScreenshot=true, javascriptEnabled=true, setWindowRect=true, unexpectedAlertBehaviour=, applicationCacheEnabled=false, rotatable=false, networkConnectionEnabled=false, chrome={chromedriverVersion=2.40.565498 (ea082db3280dd6843ebfb08a625e3eb905c4f5ab), userDataDir=C:\Users\BRUNA~1.DUS\AppData\Local\Temp\scoped_dir20460_1926}, takesHeapSnapshot=true, pageLoadStrategy=normal, unhandledPromptBehavior=, databaseEnabled=false, handlesAlerts=true, version=69.0.3497.100, browserConnectionEnabled=false, nativeEvents=true, locationContextEnabled=true, cssSelectorsEnabled=true}]
Session ID: afaf8c971957ceb4cbca7b7438edf14d
*** Element info: {Using=xpath, value=//a[@title='Log in to your customer account']}
	at sun.reflect.NativeConstructorAccessorImpl.newInstance0(Native Method)
	at sun.reflect.NativeConstructorAccessorImpl.newInstance(NativeConstructorAccessorImpl.java:62)
	at sun.reflect.DelegatingConstructorAccessorImpl.newInstance(DelegatingConstructorAccessorImpl.java:45)
	at java.lang.reflect.Constructor.newInstance(Constructor.java:423)
	at org.openqa.selenium.remote.ErrorHandler.createThrowable(ErrorHandler.java:215)
	at org.openqa.selenium.remote.ErrorHandler.throwIfResponseFailed(ErrorHandler.java:167)
	at org.openqa.selenium.remote.http.JsonHttpResponseCodec.reconstructValue(JsonHttpResponseCodec.java:40)
	at org.openqa.selenium.remote.http.AbstractHttpResponseCodec.decode(AbstractHttpResponseCodec.java:82)
	at org.openqa.selenium.remote.http.AbstractHttpResponseCodec.decode(AbstractHttpResponseCodec.java:45)
	at org.openqa.selenium.remote.HttpCommandExecutor.execute(HttpCommandExecutor.java:164)
	at org.openqa.selenium.remote.service.DriverCommandExecutor.execute(DriverCommandExecutor.java:82)
	at org.openqa.selenium.remote.RemoteWebDriver.execute(RemoteWebDriver.java:641)
	at org.openqa.selenium.remote.RemoteWebDriver.findElement(RemoteWebDriver.java:414)
	at org.openqa.selenium.remote.RemoteWebDriver.findElementByXPath(RemoteWebDriver.java:513)
	at org.openqa.selenium.By$ByXPath.findElement(By.java:361)
	at org.openqa.selenium.remote.RemoteWebDriver.findElement(RemoteWebDriver.java:406)
	at org.openqa.selenium.support.pagefactory.DefaultElementLocator.findElement(DefaultElementLocator.java:69)
	at org.openqa.selenium.support.pagefactory.internal.LocatingElementHandler.invoke(LocatingElementHandler.java:38)
	at com.sun.proxy.$Proxy19.click(Unknown Source)
	at modules.SignInAction.Execute(SignInAction.java:18)
	at step_definitions.accountManagement.i_sign_in(accountManagement.java:57)
	at ?.And i sign in(src/test/resources/Features/accountManagement.feature:11)
</pre></pre></td>
                                                    </tr>
                                                    <tr>
                                                        <td>Oct 29, 2018 09:56:20 AM</td>
                                                        <td class='linked' test-id='9'>user account management.Validate contact us page.Validate contact us page.And i choose a "Customer service" , enter the "email@hotmail.co.uk" ,"12345","This is the message",upload the "C:\Users\Bruna.Dushku\Downloads\36f1270e-d64e-45aa-9e45-1bb3b09bb068.png"</td>
                                                        <td><pre><pre>org.openqa.selenium.NoSuchWindowException: no such window: target window already closed
from unknown error: web view not found
  (Session info: chrome=69.0.3497.100)
  (Driver info: chromedriver=2.40.565498 (ea082db3280dd6843ebfb08a625e3eb905c4f5ab),platform=Windows NT 6.1.7601 SP1 x86_64) (WARNING: The server did not provide any stacktrace information)
Command duration or timeout: 0 milliseconds
Build info: version: '3.5.1', revision: '9c21bb67ef', time: '2017-08-17T15:26:08.955Z'
System info: host: 'ABBEY-WED', ip: '192.168.2.68', os.name: 'Windows 7', os.arch: 'amd64', os.version: '6.1', java.version: '1.8.0_171'
Driver info: org.openqa.selenium.chrome.ChromeDriver
Capabilities [{mobileEmulationEnabled=false, hasTouchScreen=false, platform=XP, acceptSslCerts=false, acceptInsecureCerts=false, webStorageEnabled=true, browserName=chrome, takesScreenshot=true, javascriptEnabled=true, setWindowRect=true, unexpectedAlertBehaviour=, applicationCacheEnabled=false, rotatable=false, networkConnectionEnabled=false, chrome={chromedriverVersion=2.40.565498 (ea082db3280dd6843ebfb08a625e3eb905c4f5ab), userDataDir=C:\Users\BRUNA~1.DUS\AppData\Local\Temp\scoped_dir13992_21284}, takesHeapSnapshot=true, pageLoadStrategy=normal, unhandledPromptBehavior=, databaseEnabled=false, handlesAlerts=true, version=69.0.3497.100, browserConnectionEnabled=false, nativeEvents=true, locationContextEnabled=true, cssSelectorsEnabled=true}]
Session ID: 38493e400ac0ea57dfc578cfe97af9f7
*** Element info: {Using=xpath, value=//a[@title='Contact Us']}
	at sun.reflect.NativeConstructorAccessorImpl.newInstance0(Native Method)
	at sun.reflect.NativeConstructorAccessorImpl.newInstance(NativeConstructorAccessorImpl.java:62)
	at sun.reflect.DelegatingConstructorAccessorImpl.newInstance(DelegatingConstructorAccessorImpl.java:45)
	at java.lang.reflect.Constructor.newInstance(Constructor.java:423)
	at org.openqa.selenium.remote.ErrorHandler.createThrowable(ErrorHandler.java:215)
	at org.openqa.selenium.remote.ErrorHandler.throwIfResponseFailed(ErrorHandler.java:167)
	at org.openqa.selenium.remote.http.JsonHttpResponseCodec.reconstructValue(JsonHttpResponseCodec.java:40)
	at org.openqa.selenium.remote.http.AbstractHttpResponseCodec.decode(AbstractHttpResponseCodec.java:82)
	at org.openqa.selenium.remote.http.AbstractHttpResponseCodec.decode(AbstractHttpResponseCodec.java:45)
	at org.openqa.selenium.remote.HttpCommandExecutor.execute(HttpCommandExecutor.java:164)
	at org.openqa.selenium.remote.service.DriverCommandExecutor.execute(DriverCommandExecutor.java:82)
	at org.openqa.selenium.remote.RemoteWebDriver.execute(RemoteWebDriver.java:641)
	at org.openqa.selenium.remote.RemoteWebDriver.findElement(RemoteWebDriver.java:414)
	at org.openqa.selenium.remote.RemoteWebDriver.findElementByXPath(RemoteWebDriver.java:513)
	at org.openqa.selenium.By$ByXPath.findElement(By.java:361)
	at org.openqa.selenium.remote.RemoteWebDriver.findElement(RemoteWebDriver.java:406)
	at org.openqa.selenium.support.pagefactory.DefaultElementLocator.findElement(DefaultElementLocator.java:69)
	at org.openqa.selenium.support.pagefactory.internal.LocatingElementHandler.invoke(LocatingElementHandler.java:38)
	at com.sun.proxy.$Proxy19.click(Unknown Source)
	at modules.ContactUsActions.ExecuteContactUs(ContactUsActions.java:15)
	at step_definitions.accountManagement.i_choose_a_enter_the_upload_the(accountManagement.java:75)
	at ?.And i choose a "Customer service" , enter the "email@hotmail.co.uk" ,"12345","This is the message",upload the "C:\Users\Bruna.Dushku\Downloads\36f1270e-d64e-45aa-9e45-1bb3b09bb068.png"(src/test/resources/Features/accountManagement.feature:17)
</pre></pre></td>
                                                    </tr>
                                        </tbody>
                                    </table>
                                </div>
                            </div>
                        </li>
                        <li class='exception displayed active'>
                            <div class='exception-heading'>
                                <span class='exception-name'>org.openqa.selenium.WebDriverException</span>
                                <span class='exception-count right'><span class='label red lighten-1 white-text'>2</span></span>
                            </div>
                            <div class='exception-content hide'>
                                <div class='exception-tests'>
                                    <table class='bordered table-results'>
                                        <thead>
                                        <tr>
                                            <th>Timestamp</th>
                                            <th>TestName</th>
                                            <th>Status</th>
                                        </tr>
                                        </thead>
                                        <tbody>
                                                    <tr>
                                                        <td>Oct 29, 2018 09:56:50 AM</td>
                                                        <td class='linked' test-id='19'>user account management.validate the create account page.validate the create account page.And i enter my customers details</td>
                                                        <td><pre><pre>org.openqa.selenium.WebDriverException: chrome not reachable
  (Session info: chrome=69.0.3497.100)
  (Driver info: chromedriver=2.40.565498 (ea082db3280dd6843ebfb08a625e3eb905c4f5ab),platform=Windows NT 6.1.7601 SP1 x86_64) (WARNING: The server did not provide any stacktrace information)
Command duration or timeout: 0 milliseconds
Build info: version: '3.5.1', revision: '9c21bb67ef', time: '2017-08-17T15:26:08.955Z'
System info: host: 'ABBEY-WED', ip: '192.168.2.68', os.name: 'Windows 7', os.arch: 'amd64', os.version: '6.1', java.version: '1.8.0_171'
Driver info: org.openqa.selenium.chrome.ChromeDriver
Capabilities [{mobileEmulationEnabled=false, hasTouchScreen=false, platform=XP, acceptSslCerts=false, acceptInsecureCerts=false, webStorageEnabled=true, browserName=chrome, takesScreenshot=true, javascriptEnabled=true, setWindowRect=true, unexpectedAlertBehaviour=, applicationCacheEnabled=false, rotatable=false, networkConnectionEnabled=false, chrome={chromedriverVersion=2.40.565498 (ea082db3280dd6843ebfb08a625e3eb905c4f5ab), userDataDir=C:\Users\BRUNA~1.DUS\AppData\Local\Temp\scoped_dir6924_15750}, takesHeapSnapshot=true, pageLoadStrategy=normal, unhandledPromptBehavior=, databaseEnabled=false, handlesAlerts=true, version=69.0.3497.100, browserConnectionEnabled=false, nativeEvents=true, locationContextEnabled=true, cssSelectorsEnabled=true}]
Session ID: cadea7eb272254c74f3398a51e5701ee
*** Element info: {Using=xpath, value=//a[@title='Log in to your customer account']}
	at sun.reflect.NativeConstructorAccessorImpl.newInstance0(Native Method)
	at sun.reflect.NativeConstructorAccessorImpl.newInstance(NativeConstructorAccessorImpl.java:62)
	at sun.reflect.DelegatingConstructorAccessorImpl.newInstance(DelegatingConstructorAccessorImpl.java:45)
	at java.lang.reflect.Constructor.newInstance(Constructor.java:423)
	at org.openqa.selenium.remote.ErrorHandler.createThrowable(ErrorHandler.java:215)
	at org.openqa.selenium.remote.ErrorHandler.throwIfResponseFailed(ErrorHandler.java:167)
	at org.openqa.selenium.remote.http.JsonHttpResponseCodec.reconstructValue(JsonHttpResponseCodec.java:40)
	at org.openqa.selenium.remote.http.AbstractHttpResponseCodec.decode(AbstractHttpResponseCodec.java:82)
	at org.openqa.selenium.remote.http.AbstractHttpResponseCodec.decode(AbstractHttpResponseCodec.java:45)
	at org.openqa.selenium.remote.HttpCommandExecutor.execute(HttpCommandExecutor.java:164)
	at org.openqa.selenium.remote.service.DriverCommandExecutor.execute(DriverCommandExecutor.java:82)
	at org.openqa.selenium.remote.RemoteWebDriver.execute(RemoteWebDriver.java:641)
	at org.openqa.selenium.remote.RemoteWebDriver.findElement(RemoteWebDriver.java:414)
	at org.openqa.selenium.remote.RemoteWebDriver.findElementByXPath(RemoteWebDriver.java:513)
	at org.openqa.selenium.By$ByXPath.findElement(By.java:361)
	at org.openqa.selenium.remote.RemoteWebDriver.findElement(RemoteWebDriver.java:406)
	at org.openqa.selenium.support.pagefactory.DefaultElementLocator.findElement(DefaultElementLocator.java:69)
	at org.openqa.selenium.support.pagefactory.internal.LocatingElementHandler.invoke(LocatingElementHandler.java:38)
	at com.sun.proxy.$Proxy19.click(Unknown Source)
	at modules.CreateNumerousAccounts.executeCreateAccount(CreateNumerousAccounts.java:18)
	at step_definitions.accountManagement.i_enter_my_customers_details(accountManagement.java:109)
	at ?.And i enter my customers details(src/test/resources/Features/accountManagement.feature:36)
</pre></pre></td>
                                                    </tr>
                                                    <tr>
                                                        <td>Oct 29, 2018 09:57:23 AM</td>
                                                        <td class='linked' test-id='24'>Shopping card management.validate add to card from the product pic.And i sign in</td>
                                                        <td><pre><pre>org.openqa.selenium.WebDriverException: chrome not reachable
  (Session info: chrome=69.0.3497.100)
  (Driver info: chromedriver=2.40.565498 (ea082db3280dd6843ebfb08a625e3eb905c4f5ab),platform=Windows NT 6.1.7601 SP1 x86_64) (WARNING: The server did not provide any stacktrace information)
Command duration or timeout: 0 milliseconds
Build info: version: '3.5.1', revision: '9c21bb67ef', time: '2017-08-17T15:26:08.955Z'
System info: host: 'ABBEY-WED', ip: '192.168.2.68', os.name: 'Windows 7', os.arch: 'amd64', os.version: '6.1', java.version: '1.8.0_171'
Driver info: org.openqa.selenium.chrome.ChromeDriver
Capabilities [{mobileEmulationEnabled=false, hasTouchScreen=false, platform=XP, acceptSslCerts=false, acceptInsecureCerts=false, webStorageEnabled=true, browserName=chrome, takesScreenshot=true, javascriptEnabled=true, setWindowRect=true, unexpectedAlertBehaviour=, applicationCacheEnabled=false, rotatable=false, networkConnectionEnabled=false, chrome={chromedriverVersion=2.40.565498 (ea082db3280dd6843ebfb08a625e3eb905c4f5ab), userDataDir=C:\Users\BRUNA~1.DUS\AppData\Local\Temp\scoped_dir21780_13617}, takesHeapSnapshot=true, pageLoadStrategy=normal, unhandledPromptBehavior=, databaseEnabled=false, handlesAlerts=true, version=69.0.3497.100, browserConnectionEnabled=false, nativeEvents=true, locationContextEnabled=true, cssSelectorsEnabled=true}]
Session ID: e7053169b148c34023d16da6b5e3ec31
*** Element info: {Using=xpath, value=//a[@title='Log in to your customer account']}
	at sun.reflect.NativeConstructorAccessorImpl.newInstance0(Native Method)
	at sun.reflect.NativeConstructorAccessorImpl.newInstance(NativeConstructorAccessorImpl.java:62)
	at sun.reflect.DelegatingConstructorAccessorImpl.newInstance(DelegatingConstructorAccessorImpl.java:45)
	at java.lang.reflect.Constructor.newInstance(Constructor.java:423)
	at org.openqa.selenium.remote.ErrorHandler.createThrowable(ErrorHandler.java:215)
	at org.openqa.selenium.remote.ErrorHandler.throwIfResponseFailed(ErrorHandler.java:167)
	at org.openqa.selenium.remote.http.JsonHttpResponseCodec.reconstructValue(JsonHttpResponseCodec.java:40)
	at org.openqa.selenium.remote.http.AbstractHttpResponseCodec.decode(AbstractHttpResponseCodec.java:82)
	at org.openqa.selenium.remote.http.AbstractHttpResponseCodec.decode(AbstractHttpResponseCodec.java:45)
	at org.openqa.selenium.remote.HttpCommandExecutor.execute(HttpCommandExecutor.java:164)
	at org.openqa.selenium.remote.service.DriverCommandExecutor.execute(DriverCommandExecutor.java:82)
	at org.openqa.selenium.remote.RemoteWebDriver.execute(RemoteWebDriver.java:641)
	at org.openqa.selenium.remote.RemoteWebDriver.findElement(RemoteWebDriver.java:414)
	at org.openqa.selenium.remote.RemoteWebDriver.findElementByXPath(RemoteWebDriver.java:513)
	at org.openqa.selenium.By$ByXPath.findElement(By.java:361)
	at org.openqa.selenium.remote.RemoteWebDriver.findElement(RemoteWebDriver.java:406)
	at org.openqa.selenium.support.pagefactory.DefaultElementLocator.findElement(DefaultElementLocator.java:69)
	at org.openqa.selenium.support.pagefactory.internal.LocatingElementHandler.invoke(LocatingElementHandler.java:38)
	at com.sun.proxy.$Proxy19.click(Unknown Source)
	at modules.SignInAction.Execute(SignInAction.java:18)
	at step_definitions.accountManagement.i_sign_in(accountManagement.java:57)
	at ?.And i sign in(src/test/resources/Features/dresses.feature:5)
</pre></pre></td>
                                                    </tr>
                                        </tbody>
                                    </table>
                                </div>
                            </div>
                        </li>
                        <li class='exception displayed active'>
                            <div class='exception-heading'>
                                <span class='exception-name'>org.openqa.selenium.NoSuchElementException</span>
                                <span class='exception-count right'><span class='label red lighten-1 white-text'>1</span></span>
                            </div>
                            <div class='exception-content hide'>
                                <div class='exception-tests'>
                                    <table class='bordered table-results'>
                                        <thead>
                                        <tr>
                                            <th>Timestamp</th>
                                            <th>TestName</th>
                                            <th>Status</th>
                                        </tr>
                                        </thead>
                                        <tbody>
                                                    <tr>
                                                        <td>Oct 29, 2018 10:02:13 AM</td>
                                                        <td class='linked' test-id='82'>Shopping card management.validate checkout with bank Check.Then i should be able to see my order in the order history</td>
                                                        <td><pre><pre>org.openqa.selenium.NoSuchElementException: no such element: Unable to locate element: {"method":"xpath","selector":"//div[@class='box']"}
  (Session info: chrome=69.0.3497.100)
  (Driver info: chromedriver=2.40.565498 (ea082db3280dd6843ebfb08a625e3eb905c4f5ab),platform=Windows NT 6.1.7601 SP1 x86_64) (WARNING: The server did not provide any stacktrace information)
Command duration or timeout: 0 milliseconds
For documentation on this error, please visit: http://seleniumhq.org/exceptions/no_such_element.html
Build info: version: '3.5.1', revision: '9c21bb67ef', time: '2017-08-17T15:26:08.955Z'
System info: host: 'ABBEY-WED', ip: '192.168.2.68', os.name: 'Windows 7', os.arch: 'amd64', os.version: '6.1', java.version: '1.8.0_171'
Driver info: org.openqa.selenium.chrome.ChromeDriver
Capabilities [{mobileEmulationEnabled=false, hasTouchScreen=false, platform=XP, acceptSslCerts=false, acceptInsecureCerts=false, webStorageEnabled=true, browserName=chrome, takesScreenshot=true, javascriptEnabled=true, setWindowRect=true, unexpectedAlertBehaviour=, applicationCacheEnabled=false, rotatable=false, networkConnectionEnabled=false, chrome={chromedriverVersion=2.40.565498 (ea082db3280dd6843ebfb08a625e3eb905c4f5ab), userDataDir=C:\Users\BRUNA~1.DUS\AppData\Local\Temp\scoped_dir24500_24200}, takesHeapSnapshot=true, pageLoadStrategy=normal, unhandledPromptBehavior=, databaseEnabled=false, handlesAlerts=true, version=69.0.3497.100, browserConnectionEnabled=false, nativeEvents=true, locationContextEnabled=true, cssSelectorsEnabled=true}]
Session ID: fd2a55ae3351fa65b4265705ea27e403
*** Element info: {Using=xpath, value=//div[@class='box']}
	at sun.reflect.NativeConstructorAccessorImpl.newInstance0(Native Method)
	at sun.reflect.NativeConstructorAccessorImpl.newInstance(NativeConstructorAccessorImpl.java:62)
	at sun.reflect.DelegatingConstructorAccessorImpl.newInstance(DelegatingConstructorAccessorImpl.java:45)
	at java.lang.reflect.Constructor.newInstance(Constructor.java:423)
	at org.openqa.selenium.remote.ErrorHandler.createThrowable(ErrorHandler.java:215)
	at org.openqa.selenium.remote.ErrorHandler.throwIfResponseFailed(ErrorHandler.java:167)
	at org.openqa.selenium.remote.http.JsonHttpResponseCodec.reconstructValue(JsonHttpResponseCodec.java:40)
	at org.openqa.selenium.remote.http.AbstractHttpResponseCodec.decode(AbstractHttpResponseCodec.java:82)
	at org.openqa.selenium.remote.http.AbstractHttpResponseCodec.decode(AbstractHttpResponseCodec.java:45)
	at org.openqa.selenium.remote.HttpCommandExecutor.execute(HttpCommandExecutor.java:164)
	at org.openqa.selenium.remote.service.DriverCommandExecutor.execute(DriverCommandExecutor.java:82)
	at org.openqa.selenium.remote.RemoteWebDriver.execute(RemoteWebDriver.java:641)
	at org.openqa.selenium.remote.RemoteWebDriver.findElement(RemoteWebDriver.java:414)
	at org.openqa.selenium.remote.RemoteWebDriver.findElementByXPath(RemoteWebDriver.java:513)
	at org.openqa.selenium.By$ByXPath.findElement(By.java:361)
	at org.openqa.selenium.remote.RemoteWebDriver.findElement(RemoteWebDriver.java:406)
	at org.openqa.selenium.support.pagefactory.DefaultElementLocator.findElement(DefaultElementLocator.java:69)
	at org.openqa.selenium.support.pagefactory.internal.LocatingElementHandler.invoke(LocatingElementHandler.java:38)
	at com.sun.proxy.$Proxy19.getText(Unknown Source)
	at modules.CheckOutActions.getOrderRef(CheckOutActions.java:76)
	at step_definitions.DressesShopping.i_should_be_able_to_see_my_order_in_the_order_history(DressesShopping.java:221)
	at ?.Then i should be able to see my order in the order history(src/test/resources/Features/dresses.feature:65)
</pre></pre></td>
                                                    </tr>
                                        </tbody>
                                    </table>
                                </div>
                            </div>
                        </li>
                </ul>
        </div>
    </div>

    <div class='subview-right left'>
        <div class='view-summary'>
            <h5 class='exception-name'></h5>
        </div>
    </div>
</div>
<!-- exception view -->
<div id='dashboard-view' class='view hide'>
	<div class='card-panel transparent np-v'>
		<h5>Dashboard</h5>

		<div class='row'>
			<div class='col s2'>
				<div class='card-panel r'>
					Features
					<div class='panel-lead'>4</div>
				</div>
			</div>
			<div class='col s2'>
				<div class='card-panel r'>
					Scenarios
					<div class='panel-lead'>10</div>
				</div>
			</div>
			<div class='col s2'>
				<div class='card-panel r'>
					Steps
					<div class='panel-lead'>63</div>
				</div>
			</div>
			<div class='col s2'>
				<div class='card-panel r'>
					Start
					<div class='panel-lead'>Oct 29, 2018 09:55:32 AM</div>
				</div>
			</div>
			<div class='col s2'>
				<div class='card-panel r'>
			 		End
			 		<div class='panel-lead'>Oct 29, 2018 10:02:26 AM</div>
				</div>
			</div>
			<div class='col s2'>
				<div class='card-panel r'>
					Time Taken
					<div class='panel-lead'>414,740ms</div>
				</div>
			</div>
			<div class='col s4'>
				<div class='card-panel environment'>
					<span class='right label cyan white-text'>Environment</span><p>&nbsp;</p>
					
					<table>
						<tr>
							<th>Name</th>
							<th>Value</th>
						</tr>
							<tr>
								<td>user</td>
								<td>Bruna.Dushku</td>
							</tr>
							<tr>
								<td>os</td>
								<td>Windows</td>
							</tr>
					</table>
				</div>
			</div>
			<div class='col s4'>
				<div class='card-panel'>
					<span class='right label cyan white-text'>Categories</span><p>&nbsp;</p>
					
					<table>
						<tr>
							<th>Name</th>
							<th>Passed</th>
							<th>Failed</th>
							<th>Others</th>
						</tr>
						<tr>
							<td>@AccountManagement</td>
							<td>0</td>
							<td>3</td>
							<td>1</td>
						</tr>
						<tr>
							<td>@SignInSignOut</td>
							<td>0</td>
							<td>1</td>
							<td>0</td>
						</tr>
						<tr>
							<td>@ContactUs</td>
							<td>0</td>
							<td>1</td>
							<td>0</td>
						</tr>
						<tr>
							<td>@CreateAccount</td>
							<td>0</td>
							<td>0</td>
							<td>1</td>
						</tr>
						<tr>
							<td>@CreateNumerousAccount</td>
							<td>0</td>
							<td>1</td>
							<td>0</td>
						</tr>
						<tr>
							<td>@AddToCard</td>
							<td>0</td>
							<td>1</td>
							<td>0</td>
						</tr>
						<tr>
							<td>@AmendCard</td>
							<td>0</td>
							<td>0</td>
							<td>1</td>
						</tr>
						<tr>
							<td>@CheckOut</td>
							<td>3</td>
							<td>1</td>
							<td>0</td>
						</tr>
						<tr>
							<td>@CheckoutWithOrderRef</td>
							<td>1</td>
							<td>1</td>
							<td>0</td>
						</tr>
					</table>
				</div>
			</div>
		</div>
	</div>
</div>
<!-- dashboard view -->
<div id='testrunner-logs-view' class='view hide'>
	<div class='card-panel transparent np-v'>
		<h5>TestRunner Logs</h5>
		
		<div class='card-panel'>
				Sample test runner output message
				Sample test runner output message
				Sample test runner output message
				Sample test runner output message
		</div>
	</div>
</div>
<!-- testrunner-logs view -->
		</div>
		<!-- container -->

		<script>
			var statusGroup = {
				passParent: 0,
				failParent: 3,
				fatalParent: 0,
				errorParent: 0,
				warningParent: 0,
				skipParent: 1,
				exceptionsParent: 4,
				
				passChild: 3,
				failChild: 5,
				fatalChild: 0,
				errorChild: 0,
				warningChild: 0,
				skipChild: 2,
				infoChild: 0,
				exceptionsChild: 7,
				
				passGrandChild: 39,
				failGrandChild: 5,
				fatalGrandChild: 0,
				errorGrandChild: 0,
				warningGrandChild: 0,
				skipGrandChild: 19,
				infoGrandChild: 0,
				exceptionsGrandChild: 24,
			};
		</script>
		
			<script src='https://cdn.rawgit.com/anshooarora/extentreports-java/5ed7b0c339b51aa347b44ccaa2e2ff29905b2f9f/dist/js/extent.js' type='text/javascript'></script>
		
		
	</body>
	
</html>
